Using pre-set license
Built from '2020.3/release' branch; Version is '2020.3.1f1 (77a89f25062f) revision 7841951'; Using compiler version '192528614'; Build Type 'Release'
OS: 'Windows 10 Home; OS build 19042.1466; Version 2009; 64bit' Language: 'en' Physical Memory: 32108 MB
BatchMode: 1, IsHumanControllingUs: 0, StartBugReporterOnCrash: 0, Is64bit: 1, IsPro: 0

 COMMAND LINE ARGUMENTS:
C:\Program Files\Unity\Hub\Editor\2020.3.1f1\Editor\Unity.exe
-adb2
-batchMode
-noUpm
-name
AssetImportWorker0
-projectPath
D:/Projects/Unity/GGJ1
-logFile
Logs/AssetImportWorker0.log
-srvPort
52954
Successfully changed project path to: D:/Projects/Unity/GGJ1
D:/Projects/Unity/GGJ1
Using Asset Import Pipeline V2.
Refreshing native plugins compatible for Editor in 16.86 ms, found 0 plugins.
Preloading 0 native plugins for Editor in 0.00 ms.
Initialize engine version: 2020.3.1f1 (77a89f25062f)
[Subsystems] Discovering subsystems at path C:/Program Files/Unity/Hub/Editor/2020.3.1f1/Editor/Data/Resources/UnitySubsystems
[Subsystems] Discovering subsystems at path D:/Projects/Unity/GGJ1/Assets
GfxDevice: creating device client; threaded=0
Direct3D:
    Version:  Direct3D 11.0 [level 11.1]
    Renderer: NVIDIA GeForce RTX 3070 Laptop GPU (ID=0x249d)
    Vendor:   
    VRAM:     8044 MB
    Driver:   27.21.14.6179
Initialize mono
Mono path[0] = 'C:/Program Files/Unity/Hub/Editor/2020.3.1f1/Editor/Data/Managed'
Mono path[1] = 'C:/Program Files/Unity/Hub/Editor/2020.3.1f1/Editor/Data/MonoBleedingEdge/lib/mono/unityjit'
Mono config path = 'C:/Program Files/Unity/Hub/Editor/2020.3.1f1/Editor/Data/MonoBleedingEdge/etc'
Using monoOptions --debugger-agent=transport=dt_socket,embedding=1,server=y,suspend=n,address=127.0.0.1:56152
Begin MonoManager ReloadAssembly
Registering precompiled unity dll's ...
Register platform support module: C:/Program Files/Unity/Hub/Editor/2020.3.1f1/Editor/Data/PlaybackEngines/WindowsStandaloneSupport/UnityEditor.WindowsStandalone.Extensions.dll
Registered in 0.001789 seconds.
Native extension for WindowsStandalone target not found
Refreshing native plugins compatible for Editor in 16.78 ms, found 0 plugins.
Preloading 0 native plugins for Editor in 0.00 ms.
Invoked RoslynAnalysisRunner static constructor.
RoslynAnalysisRunner will not be running.
RoslynAnalysisRunner has terminated.
Mono: successfully reloaded assembly
- Completed reload, in  0.840 seconds
Platform modules already initialized, skipping
Registering precompiled user dll's ...
Registered in 0.000445 seconds.
Begin MonoManager ReloadAssembly
Native extension for WindowsStandalone target not found
Refreshing native plugins compatible for Editor in 0.20 ms, found 0 plugins.
Preloading 0 native plugins for Editor in 0.00 ms.
Invoked RoslynAnalysisRunner static constructor.
RoslynAnalysisRunner will not be running.
RoslynAnalysisRunner has terminated.
Mono: successfully reloaded assembly
- Completed reload, in  0.568 seconds
Platform modules already initialized, skipping
========================================================================
Worker process is ready to serve import requests
Launched and connected shader compiler UnityShaderCompiler.exe after 0.03 seconds
Refreshing native plugins compatible for Editor in 0.20 ms, found 0 plugins.
Preloading 0 native plugins for Editor in 0.00 ms.
Unloading 1113 Unused Serialized files (Serialized files now loaded: 0)
System memory in use before: 57.0 MB.
System memory in use after: 57.0 MB.

Unloading 10 unused Assets to reduce memory usage. Loaded Objects now: 1556.
Total: 1.562900 ms (FindLiveObjects: 0.161700 ms CreateObjectMapping: 0.033400 ms MarkObjects: 1.300500 ms  DeleteObjects: 0.066300 ms)

========================================================================
Received Import Request.
  path: Assets/Scenes
  artifactKey: Guid(68a1870925ee843469cd5a09294494d1) Importer(815301076,1909f56bfc062723c751e8b465ee728b)
Start importing Assets/Scenes using Guid(68a1870925ee843469cd5a09294494d1) Importer(815301076,1909f56bfc062723c751e8b465ee728b)  -> (artifact id: '986f59acd791cd745ab858139625a759') in 0.020613 seconds
  Import took 0.022389 seconds .

========================================================================
Received Import Request.
  Time since last request: 0.000296 seconds.
  path: Assets/Scenes/SampleScene.unity
  artifactKey: Guid(9fc0d4010bbf28b4594072e72b8655ab) Importer(815301076,1909f56bfc062723c751e8b465ee728b)
Start importing Assets/Scenes/SampleScene.unity using Guid(9fc0d4010bbf28b4594072e72b8655ab) Importer(815301076,1909f56bfc062723c751e8b465ee728b)  -> (artifact id: '9a0c7bd3eade52b464e03a3fa19ccb01') in 0.014953 seconds
  Import took 0.016589 seconds .

========================================================================
Received Import Request.
  Time since last request: 1.929685 seconds.
  path: Assets
  artifactKey: Guid(00000000000000001000000000000000) Importer(815301076,1909f56bfc062723c751e8b465ee728b)
Start importing Assets using Guid(00000000000000001000000000000000) Importer(815301076,1909f56bfc062723c751e8b465ee728b)  -> (artifact id: 'a6374019befeac6ce670f13ba9960efb') in 0.007948 seconds
  Import took 0.009804 seconds .

========================================================================
Received Import Request.
  Time since last request: 140.439039 seconds.
  path: Assets/Scenes/SampleScene.unity
  artifactKey: Guid(9fc0d4010bbf28b4594072e72b8655ab) Importer(815301076,1909f56bfc062723c751e8b465ee728b)
Start importing Assets/Scenes/SampleScene.unity using Guid(9fc0d4010bbf28b4594072e72b8655ab) Importer(815301076,1909f56bfc062723c751e8b465ee728b)  -> (artifact id: 'e78ac001d8452188e834be1a000b3744') in 0.003750 seconds
  Import took 0.005762 seconds .

========================================================================
Received Import Request.
  Time since last request: 351.063340 seconds.
  path: Assets/Asset Store
  artifactKey: Guid(3e891399d11f0cd4b8fce09521e56c7f) Importer(815301076,1909f56bfc062723c751e8b465ee728b)
Start importing Assets/Asset Store using Guid(3e891399d11f0cd4b8fce09521e56c7f) Importer(815301076,1909f56bfc062723c751e8b465ee728b)  -> (artifact id: 'c7d2fcec22c0de656e186e683ecc2c02') in 0.006561 seconds
  Import took 0.008492 seconds .

========================================================================
Received Import Request.
  Time since last request: 8.056684 seconds.
  path: Assets/Asset Store/Fantasy Forest Set/Prefabs/pineTree_1.prefab
  artifactKey: Guid(aeb91a108a22a774cbc6f1ee2639342e) Importer(815301076,1909f56bfc062723c751e8b465ee728b)
Start importing Assets/Asset Store/Fantasy Forest Set/Prefabs/pineTree_1.prefab using Guid(aeb91a108a22a774cbc6f1ee2639342e) Importer(815301076,1909f56bfc062723c751e8b465ee728b)  -> (artifact id: '4bfeb74d653df38a2ceee6ff2e3bd458') in 0.188037 seconds
  Import took 0.190168 seconds .

========================================================================
Received Import Request.
  Time since last request: 0.734126 seconds.
  path: Assets/Asset Store/Fantasy Forest Set/Prefabs/pineTree_2.prefab
  artifactKey: Guid(2ecb11c1607cc484faf50abc8a375258) Importer(815301076,1909f56bfc062723c751e8b465ee728b)
Start importing Assets/Asset Store/Fantasy Forest Set/Prefabs/pineTree_2.prefab using Guid(2ecb11c1607cc484faf50abc8a375258) Importer(815301076,1909f56bfc062723c751e8b465ee728b)  -> (artifact id: '362b021329a69bb7a0148b6ae4b6b324') in 0.038008 seconds
  Import took 0.040274 seconds .

========================================================================
Received Import Request.
  Time since last request: 46.133575 seconds.
  path: Assets/Scripts
  artifactKey: Guid(9813684a4cd80df44bd6037fa0ade9ef) Importer(815301076,1909f56bfc062723c751e8b465ee728b)
Start importing Assets/Scripts using Guid(9813684a4cd80df44bd6037fa0ade9ef) Importer(815301076,1909f56bfc062723c751e8b465ee728b)  -> (artifact id: '074fce2f833bf1251c1187c00fd1be7e') in 0.006461 seconds
  Import took 0.008317 seconds .

========================================================================
Received Import Request.
  Time since last request: 9.107025 seconds.
  path: Assets/Scripts/PlayerController.cs
  artifactKey: Guid(c6ec56e1ab9d77a4585ac554648b04ed) Importer(815301076,1909f56bfc062723c751e8b465ee728b)
Start importing Assets/Scripts/PlayerController.cs using Guid(c6ec56e1ab9d77a4585ac554648b04ed) Importer(815301076,1909f56bfc062723c751e8b465ee728b)  -> (artifact id: 'e09d8f082d59e151ef9dbe4ca0774c03') in 0.010990 seconds
  Import took 0.012913 seconds .

========================================================================
Received Prepare
Registering precompiled user dll's ...
Registered in 0.000451 seconds.
Begin MonoManager ReloadAssembly
Native extension for WindowsStandalone target not found
Refreshing native plugins compatible for Editor in 0.22 ms, found 0 plugins.
Preloading 0 native plugins for Editor in 0.00 ms.
Invoked RoslynAnalysisRunner static constructor.
RoslynAnalysisRunner will not be running.
RoslynAnalysisRunner has terminated.
Mono: successfully reloaded assembly
- Completed reload, in  0.583 seconds
Platform modules already initialized, skipping
Refreshing native plugins compatible for Editor in 0.22 ms, found 0 plugins.
Preloading 0 native plugins for Editor in 0.00 ms.
Unloading 1112 Unused Serialized files (Serialized files now loaded: 0)
System memory in use before: 61.3 MB.
System memory in use after: 60.8 MB.

Unloading 7 unused Assets to reduce memory usage. Loaded Objects now: 1569.
Total: 1.737600 ms (FindLiveObjects: 0.164700 ms CreateObjectMapping: 0.043200 ms MarkObjects: 1.248400 ms  DeleteObjects: 0.280400 ms)

========================================================================
Received Import Request.
  Time since last request: 169.344997 seconds.
  path: Assets/Scripts/PlayerController.cs
  artifactKey: Guid(c6ec56e1ab9d77a4585ac554648b04ed) Importer(815301076,1909f56bfc062723c751e8b465ee728b)
Start importing Assets/Scripts/PlayerController.cs using Guid(c6ec56e1ab9d77a4585ac554648b04ed) Importer(815301076,1909f56bfc062723c751e8b465ee728b)  -> (artifact id: '08b6732bec9994ae6d33980699df30b8') in 0.004346 seconds
  Import took 0.006185 seconds .

========================================================================
Received Prepare
Registering precompiled user dll's ...
Registered in 0.000448 seconds.
Begin MonoManager ReloadAssembly
Native extension for WindowsStandalone target not found
Refreshing native plugins compatible for Editor in 0.24 ms, found 0 plugins.
Preloading 0 native plugins for Editor in 0.00 ms.
Invoked RoslynAnalysisRunner static constructor.
RoslynAnalysisRunner will not be running.
RoslynAnalysisRunner has terminated.
Mono: successfully reloaded assembly
- Completed reload, in  0.547 seconds
Platform modules already initialized, skipping
Refreshing native plugins compatible for Editor in 0.20 ms, found 0 plugins.
Preloading 0 native plugins for Editor in 0.00 ms.
Unloading 1111 Unused Serialized files (Serialized files now loaded: 0)
System memory in use before: 61.2 MB.
System memory in use after: 60.8 MB.

Unloading 7 unused Assets to reduce memory usage. Loaded Objects now: 1572.
Total: 2.266600 ms (FindLiveObjects: 0.208400 ms CreateObjectMapping: 0.051400 ms MarkObjects: 1.682600 ms  DeleteObjects: 0.323100 ms)

========================================================================
Received Import Request.
  Time since last request: 151.584966 seconds.
  path: Assets/Scripts/GreyscaleManager.cs
  artifactKey: Guid(ca854b4a25a77da48a0267ea886b3e0a) Importer(815301076,1909f56bfc062723c751e8b465ee728b)
Start importing Assets/Scripts/GreyscaleManager.cs using Guid(ca854b4a25a77da48a0267ea886b3e0a) Importer(815301076,1909f56bfc062723c751e8b465ee728b)  -> (artifact id: '312bc953afc65256ed147c490695ff86') in 0.008139 seconds
  Import took 0.010091 seconds .

========================================================================
Received Prepare
Registering precompiled user dll's ...
Registered in 0.000421 seconds.
Begin MonoManager ReloadAssembly
Native extension for WindowsStandalone target not found
Refreshing native plugins compatible for Editor in 0.24 ms, found 0 plugins.
Preloading 0 native plugins for Editor in 0.00 ms.
Invoked RoslynAnalysisRunner static constructor.
RoslynAnalysisRunner will not be running.
RoslynAnalysisRunner has terminated.
Mono: successfully reloaded assembly
- Completed reload, in  0.565 seconds
Platform modules already initialized, skipping
Refreshing native plugins compatible for Editor in 0.22 ms, found 0 plugins.
Preloading 0 native plugins for Editor in 0.00 ms.
Unloading 1112 Unused Serialized files (Serialized files now loaded: 0)
System memory in use before: 61.3 MB.
System memory in use after: 60.8 MB.

Unloading 7 unused Assets to reduce memory usage. Loaded Objects now: 1576.
Total: 1.730700 ms (FindLiveObjects: 0.132000 ms CreateObjectMapping: 0.024500 ms MarkObjects: 1.210400 ms  DeleteObjects: 0.362700 ms)

========================================================================
Received Prepare
Registering precompiled user dll's ...
Registered in 0.000422 seconds.
Begin MonoManager ReloadAssembly
Native extension for WindowsStandalone target not found
Refreshing native plugins compatible for Editor in 0.23 ms, found 0 plugins.
Preloading 0 native plugins for Editor in 0.00 ms.
Invoked RoslynAnalysisRunner static constructor.
RoslynAnalysisRunner will not be running.
RoslynAnalysisRunner has terminated.
Mono: successfully reloaded assembly
- Completed reload, in  0.552 seconds
Platform modules already initialized, skipping
Refreshing native plugins compatible for Editor in 0.21 ms, found 0 plugins.
Preloading 0 native plugins for Editor in 0.00 ms.
Unloading 1112 Unused Serialized files (Serialized files now loaded: 0)
System memory in use before: 61.3 MB.
System memory in use after: 60.9 MB.

Unloading 7 unused Assets to reduce memory usage. Loaded Objects now: 1579.
Total: 1.718100 ms (FindLiveObjects: 0.109700 ms CreateObjectMapping: 0.027200 ms MarkObjects: 1.239100 ms  DeleteObjects: 0.341400 ms)

========================================================================
Received Import Request.
  Time since last request: 237.109445 seconds.
  path: Assets/Scripts/GreyscaleManager.cs
  artifactKey: Guid(ca854b4a25a77da48a0267ea886b3e0a) Importer(815301076,1909f56bfc062723c751e8b465ee728b)
Start importing Assets/Scripts/GreyscaleManager.cs using Guid(ca854b4a25a77da48a0267ea886b3e0a) Importer(815301076,1909f56bfc062723c751e8b465ee728b)  -> (artifact id: '021101487b699d25182b6a002118791c') in 0.003784 seconds
  Import took 0.005506 seconds .

========================================================================
Received Import Request.
  Time since last request: 37.649074 seconds.
  path: Assets/Scripts/DarkWorldManager.cs
  artifactKey: Guid(9420d65ec9c93a94ba64d4fc6ad5ca4b) Importer(815301076,1909f56bfc062723c751e8b465ee728b)
Start importing Assets/Scripts/DarkWorldManager.cs using Guid(9420d65ec9c93a94ba64d4fc6ad5ca4b) Importer(815301076,1909f56bfc062723c751e8b465ee728b)  -> (artifact id: '2099f320e18c008bff1cb489b1cfeb94') in 0.005577 seconds
  Import took 0.007403 seconds .

========================================================================
Received Prepare
Registering precompiled user dll's ...
Registered in 0.000416 seconds.
Begin MonoManager ReloadAssembly
Native extension for WindowsStandalone target not found
Refreshing native plugins compatible for Editor in 0.23 ms, found 0 plugins.
Preloading 0 native plugins for Editor in 0.00 ms.
Invoked RoslynAnalysisRunner static constructor.
RoslynAnalysisRunner will not be running.
RoslynAnalysisRunner has terminated.
Mono: successfully reloaded assembly
- Completed reload, in  0.572 seconds
Platform modules already initialized, skipping
Refreshing native plugins compatible for Editor in 0.22 ms, found 0 plugins.
Preloading 0 native plugins for Editor in 0.00 ms.
Unloading 1113 Unused Serialized files (Serialized files now loaded: 0)
System memory in use before: 61.3 MB.
System memory in use after: 60.9 MB.

Unloading 7 unused Assets to reduce memory usage. Loaded Objects now: 1583.
Total: 1.958800 ms (FindLiveObjects: 0.172300 ms CreateObjectMapping: 0.031300 ms MarkObjects: 1.347000 ms  DeleteObjects: 0.407000 ms)

========================================================================
Received Prepare
Registering precompiled user dll's ...
Registered in 0.000416 seconds.
Begin MonoManager ReloadAssembly
Native extension for WindowsStandalone target not found
Refreshing native plugins compatible for Editor in 0.22 ms, found 0 plugins.
Preloading 0 native plugins for Editor in 0.00 ms.
Invoked RoslynAnalysisRunner static constructor.
RoslynAnalysisRunner will not be running.
RoslynAnalysisRunner has terminated.
Mono: successfully reloaded assembly
- Completed reload, in  0.556 seconds
Platform modules already initialized, skipping
Refreshing native plugins compatible for Editor in 0.20 ms, found 0 plugins.
Preloading 0 native plugins for Editor in 0.00 ms.
Unloading 1113 Unused Serialized files (Serialized files now loaded: 0)
System memory in use before: 61.4 MB.
System memory in use after: 60.9 MB.

Unloading 7 unused Assets to reduce memory usage. Loaded Objects now: 1586.
Total: 1.994300 ms (FindLiveObjects: 0.175500 ms CreateObjectMapping: 0.049700 ms MarkObjects: 1.420900 ms  DeleteObjects: 0.347200 ms)

========================================================================
Received Import Request.
  Time since last request: 95.068278 seconds.
  path: Assets/Scripts/DarkWorldManager.cs
  artifactKey: Guid(9420d65ec9c93a94ba64d4fc6ad5ca4b) Importer(815301076,1909f56bfc062723c751e8b465ee728b)
Start importing Assets/Scripts/DarkWorldManager.cs using Guid(9420d65ec9c93a94ba64d4fc6ad5ca4b) Importer(815301076,1909f56bfc062723c751e8b465ee728b)  -> (artifact id: '64f92294da4da961404256296a8e7fe3') in 0.003614 seconds
  Import took 0.005340 seconds .

========================================================================
Received Import Request.
  Time since last request: 18.818962 seconds.
  path: Assets/Resources
  artifactKey: Guid(f06101cd3411146439639e2f82ab26fb) Importer(815301076,1909f56bfc062723c751e8b465ee728b)
Start importing Assets/Resources using Guid(f06101cd3411146439639e2f82ab26fb) Importer(815301076,1909f56bfc062723c751e8b465ee728b)  -> (artifact id: '05c0d0949c48b80e17d88919ca32afca') in 0.005618 seconds
  Import took 0.007462 seconds .

========================================================================
Received Import Request.
  Time since last request: 15.688855 seconds.
  path: Assets/Resources/Materials
  artifactKey: Guid(6a475d7438ef4cc47b9b9174b8c66a58) Importer(815301076,1909f56bfc062723c751e8b465ee728b)
Start importing Assets/Resources/Materials using Guid(6a475d7438ef4cc47b9b9174b8c66a58) Importer(815301076,1909f56bfc062723c751e8b465ee728b)  -> (artifact id: '4d70f721f0021a42a745411df9078781') in 0.005619 seconds
  Import took 0.007569 seconds .

========================================================================
Received Import Request.
  Time since last request: 791.280376 seconds.
  path: Assets/Scripts/InputManager.cs
  artifactKey: Guid(9f6f5d8147d4a574eb3e72e4f38f2dbc) Importer(815301076,1909f56bfc062723c751e8b465ee728b)
Start importing Assets/Scripts/InputManager.cs using Guid(9f6f5d8147d4a574eb3e72e4f38f2dbc) Importer(815301076,1909f56bfc062723c751e8b465ee728b)  -> (artifact id: 'd28754c43be78bd2ae3dfbb962279da8') in 0.006774 seconds
  Import took 0.008729 seconds .

========================================================================
Received Prepare
Registering precompiled user dll's ...
Registered in 0.000741 seconds.
Begin MonoManager ReloadAssembly
Native extension for WindowsStandalone target not found
Refreshing native plugins compatible for Editor in 0.23 ms, found 0 plugins.
Preloading 0 native plugins for Editor in 0.00 ms.
Invoked RoslynAnalysisRunner static constructor.
RoslynAnalysisRunner will not be running.
RoslynAnalysisRunner has terminated.
Mono: successfully reloaded assembly
- Completed reload, in  0.571 seconds
Platform modules already initialized, skipping
Refreshing native plugins compatible for Editor in 0.22 ms, found 0 plugins.
Preloading 0 native plugins for Editor in 0.00 ms.
Unloading 1114 Unused Serialized files (Serialized files now loaded: 0)
System memory in use before: 61.4 MB.
System memory in use after: 60.9 MB.

Unloading 7 unused Assets to reduce memory usage. Loaded Objects now: 1590.
Total: 2.026500 ms (FindLiveObjects: 0.159800 ms CreateObjectMapping: 0.038100 ms MarkObjects: 1.450400 ms  DeleteObjects: 0.377000 ms)

========================================================================
Received Import Request.
  Time since last request: 7.140878 seconds.
  path: Assets/Scripts/PlayerController.cs
  artifactKey: Guid(c6ec56e1ab9d77a4585ac554648b04ed) Importer(815301076,1909f56bfc062723c751e8b465ee728b)
Start importing Assets/Scripts/PlayerController.cs using Guid(c6ec56e1ab9d77a4585ac554648b04ed) Importer(815301076,1909f56bfc062723c751e8b465ee728b)  -> (artifact id: '00000000000000000000000000000000') in 0.000841 seconds
  ERROR: Build asset version error: assets/scripts/playercontroller.cs in SourceAssetDB has modification time of '2022-01-23T12:06:45.673428Z' while content on disk has modification time of '2022-01-23T12:26:55.7030801Z'
  Import took 0.002441 seconds .

========================================================================
Received Import Request.
  Time since last request: 0.011249 seconds.
  path: Assets/Scripts/PlayerController.cs
  artifactKey: Guid(c6ec56e1ab9d77a4585ac554648b04ed) Importer(815301076,1909f56bfc062723c751e8b465ee728b)
Start importing Assets/Scripts/PlayerController.cs using Guid(c6ec56e1ab9d77a4585ac554648b04ed) Importer(815301076,1909f56bfc062723c751e8b465ee728b)  -> (artifact id: '00000000000000000000000000000000') in 0.000213 seconds
  ERROR: Build asset version error: assets/scripts/playercontroller.cs in SourceAssetDB has modification time of '2022-01-23T12:06:45.673428Z' while content on disk has modification time of '2022-01-23T12:26:55.7030801Z'
  Import took 0.001615 seconds .

========================================================================
Received Import Request.
  Time since last request: 0.015301 seconds.
  path: Assets/Scripts/PlayerController.cs
  artifactKey: Guid(c6ec56e1ab9d77a4585ac554648b04ed) Importer(815301076,1909f56bfc062723c751e8b465ee728b)
Start importing Assets/Scripts/PlayerController.cs using Guid(c6ec56e1ab9d77a4585ac554648b04ed) Importer(815301076,1909f56bfc062723c751e8b465ee728b)  -> (artifact id: '00000000000000000000000000000000') in 0.000180 seconds
  ERROR: Build asset version error: assets/scripts/playercontroller.cs in SourceAssetDB has modification time of '2022-01-23T12:06:45.673428Z' while content on disk has modification time of '2022-01-23T12:26:55.7030801Z'
  Import took 0.001558 seconds .

========================================================================
Received Import Request.
  Time since last request: 0.017505 seconds.
  path: Assets/Scripts/PlayerController.cs
  artifactKey: Guid(c6ec56e1ab9d77a4585ac554648b04ed) Importer(815301076,1909f56bfc062723c751e8b465ee728b)
Start importing Assets/Scripts/PlayerController.cs using Guid(c6ec56e1ab9d77a4585ac554648b04ed) Importer(815301076,1909f56bfc062723c751e8b465ee728b)  -> (artifact id: '00000000000000000000000000000000') in 0.000162 seconds
  ERROR: Build asset version error: assets/scripts/playercontroller.cs in SourceAssetDB has modification time of '2022-01-23T12:06:45.673428Z' while content on disk has modification time of '2022-01-23T12:26:55.7030801Z'
  Import took 0.001621 seconds .

========================================================================
Received Import Request.
  Time since last request: 0.012763 seconds.
  path: Assets/Scripts/PlayerController.cs
  artifactKey: Guid(c6ec56e1ab9d77a4585ac554648b04ed) Importer(815301076,1909f56bfc062723c751e8b465ee728b)
Start importing Assets/Scripts/PlayerController.cs using Guid(c6ec56e1ab9d77a4585ac554648b04ed) Importer(815301076,1909f56bfc062723c751e8b465ee728b)  -> (artifact id: '00000000000000000000000000000000') in 0.000179 seconds
  ERROR: Build asset version error: assets/scripts/playercontroller.cs in SourceAssetDB has modification time of '2022-01-23T12:06:45.673428Z' while content on disk has modification time of '2022-01-23T12:26:55.7030801Z'
  Import took 0.001703 seconds .

========================================================================
Received Import Request.
  Time since last request: 0.013447 seconds.
  path: Assets/Scripts/PlayerController.cs
  artifactKey: Guid(c6ec56e1ab9d77a4585ac554648b04ed) Importer(815301076,1909f56bfc062723c751e8b465ee728b)
Start importing Assets/Scripts/PlayerController.cs using Guid(c6ec56e1ab9d77a4585ac554648b04ed) Importer(815301076,1909f56bfc062723c751e8b465ee728b)  -> (artifact id: '00000000000000000000000000000000') in 0.000187 seconds
  ERROR: Build asset version error: assets/scripts/playercontroller.cs in SourceAssetDB has modification time of '2022-01-23T12:06:45.673428Z' while content on disk has modification time of '2022-01-23T12:26:55.7030801Z'
  Import took 0.001713 seconds .

========================================================================
Received Import Request.
  Time since last request: 0.013170 seconds.
  path: Assets/Scripts/PlayerController.cs
  artifactKey: Guid(c6ec56e1ab9d77a4585ac554648b04ed) Importer(815301076,1909f56bfc062723c751e8b465ee728b)
Start importing Assets/Scripts/PlayerController.cs using Guid(c6ec56e1ab9d77a4585ac554648b04ed) Importer(815301076,1909f56bfc062723c751e8b465ee728b)  -> (artifact id: '00000000000000000000000000000000') in 0.000173 seconds
  ERROR: Build asset version error: assets/scripts/playercontroller.cs in SourceAssetDB has modification time of '2022-01-23T12:06:45.673428Z' while content on disk has modification time of '2022-01-23T12:26:55.7030801Z'
  Import took 0.001675 seconds .

========================================================================
Received Import Request.
  Time since last request: 0.012990 seconds.
  path: Assets/Scripts/PlayerController.cs
  artifactKey: Guid(c6ec56e1ab9d77a4585ac554648b04ed) Importer(815301076,1909f56bfc062723c751e8b465ee728b)
Start importing Assets/Scripts/PlayerController.cs using Guid(c6ec56e1ab9d77a4585ac554648b04ed) Importer(815301076,1909f56bfc062723c751e8b465ee728b)  -> (artifact id: '00000000000000000000000000000000') in 0.000166 seconds
  ERROR: Build asset version error: assets/scripts/playercontroller.cs in SourceAssetDB has modification time of '2022-01-23T12:06:45.673428Z' while content on disk has modification time of '2022-01-23T12:26:55.7030801Z'
  Import took 0.001508 seconds .

========================================================================
Received Import Request.
  Time since last request: 0.015546 seconds.
  path: Assets/Scripts/PlayerController.cs
  artifactKey: Guid(c6ec56e1ab9d77a4585ac554648b04ed) Importer(815301076,1909f56bfc062723c751e8b465ee728b)
Start importing Assets/Scripts/PlayerController.cs using Guid(c6ec56e1ab9d77a4585ac554648b04ed) Importer(815301076,1909f56bfc062723c751e8b465ee728b)  -> (artifact id: '00000000000000000000000000000000') in 0.000220 seconds
  ERROR: Build asset version error: assets/scripts/playercontroller.cs in SourceAssetDB has modification time of '2022-01-23T12:06:45.673428Z' while content on disk has modification time of '2022-01-23T12:26:55.7030801Z'
  Import took 0.001790 seconds .

========================================================================
Received Import Request.
  Time since last request: 0.013296 seconds.
  path: Assets/Scripts/PlayerController.cs
  artifactKey: Guid(c6ec56e1ab9d77a4585ac554648b04ed) Importer(815301076,1909f56bfc062723c751e8b465ee728b)
Start importing Assets/Scripts/PlayerController.cs using Guid(c6ec56e1ab9d77a4585ac554648b04ed) Importer(815301076,1909f56bfc062723c751e8b465ee728b)  -> (artifact id: '00000000000000000000000000000000') in 0.000172 seconds
  ERROR: Build asset version error: assets/scripts/playercontroller.cs in SourceAssetDB has modification time of '2022-01-23T12:06:45.673428Z' while content on disk has modification time of '2022-01-23T12:26:55.7030801Z'
  Import took 0.001777 seconds .

========================================================================
Received Import Request.
  Time since last request: 0.014735 seconds.
  path: Assets/Scripts/PlayerController.cs
  artifactKey: Guid(c6ec56e1ab9d77a4585ac554648b04ed) Importer(815301076,1909f56bfc062723c751e8b465ee728b)
Start importing Assets/Scripts/PlayerController.cs using Guid(c6ec56e1ab9d77a4585ac554648b04ed) Importer(815301076,1909f56bfc062723c751e8b465ee728b)  -> (artifact id: '00000000000000000000000000000000') in 0.000175 seconds
  ERROR: Build asset version error: assets/scripts/playercontroller.cs in SourceAssetDB has modification time of '2022-01-23T12:06:45.673428Z' while content on disk has modification time of '2022-01-23T12:26:55.7030801Z'
  Import took 0.001686 seconds .

========================================================================
Received Import Request.
  Time since last request: 0.013379 seconds.
  path: Assets/Scripts/PlayerController.cs
  artifactKey: Guid(c6ec56e1ab9d77a4585ac554648b04ed) Importer(815301076,1909f56bfc062723c751e8b465ee728b)
Start importing Assets/Scripts/PlayerController.cs using Guid(c6ec56e1ab9d77a4585ac554648b04ed) Importer(815301076,1909f56bfc062723c751e8b465ee728b)  -> (artifact id: '00000000000000000000000000000000') in 0.000181 seconds
  ERROR: Build asset version error: assets/scripts/playercontroller.cs in SourceAssetDB has modification time of '2022-01-23T12:06:45.673428Z' while content on disk has modification time of '2022-01-23T12:26:55.7030801Z'
  Import took 0.001815 seconds .

========================================================================
Received Import Request.
  Time since last request: 0.012521 seconds.
  path: Assets/Scripts/PlayerController.cs
  artifactKey: Guid(c6ec56e1ab9d77a4585ac554648b04ed) Importer(815301076,1909f56bfc062723c751e8b465ee728b)
Start importing Assets/Scripts/PlayerController.cs using Guid(c6ec56e1ab9d77a4585ac554648b04ed) Importer(815301076,1909f56bfc062723c751e8b465ee728b)  -> (artifact id: '00000000000000000000000000000000') in 0.000189 seconds
  ERROR: Build asset version error: assets/scripts/playercontroller.cs in SourceAssetDB has modification time of '2022-01-23T12:06:45.673428Z' while content on disk has modification time of '2022-01-23T12:26:55.7030801Z'
  Import took 0.001665 seconds .

========================================================================
Received Import Request.
  Time since last request: 0.017456 seconds.
  path: Assets/Scripts/PlayerController.cs
  artifactKey: Guid(c6ec56e1ab9d77a4585ac554648b04ed) Importer(815301076,1909f56bfc062723c751e8b465ee728b)
Start importing Assets/Scripts/PlayerController.cs using Guid(c6ec56e1ab9d77a4585ac554648b04ed) Importer(815301076,1909f56bfc062723c751e8b465ee728b)  -> (artifact id: '00000000000000000000000000000000') in 0.000180 seconds
  ERROR: Build asset version error: assets/scripts/playercontroller.cs in SourceAssetDB has modification time of '2022-01-23T12:06:45.673428Z' while content on disk has modification time of '2022-01-23T12:26:55.7030801Z'
  Import took 0.001570 seconds .

========================================================================
Received Import Request.
  Time since last request: 0.013758 seconds.
  path: Assets/Scripts/PlayerController.cs
  artifactKey: Guid(c6ec56e1ab9d77a4585ac554648b04ed) Importer(815301076,1909f56bfc062723c751e8b465ee728b)
Start importing Assets/Scripts/PlayerController.cs using Guid(c6ec56e1ab9d77a4585ac554648b04ed) Importer(815301076,1909f56bfc062723c751e8b465ee728b)  -> (artifact id: '00000000000000000000000000000000') in 0.000168 seconds
  ERROR: Build asset version error: assets/scripts/playercontroller.cs in SourceAssetDB has modification time of '2022-01-23T12:06:45.673428Z' while content on disk has modification time of '2022-01-23T12:26:55.7030801Z'
  Import took 0.001546 seconds .

========================================================================
Received Import Request.
  Time since last request: 0.012940 seconds.
  path: Assets/Scripts/PlayerController.cs
  artifactKey: Guid(c6ec56e1ab9d77a4585ac554648b04ed) Importer(815301076,1909f56bfc062723c751e8b465ee728b)
Start importing Assets/Scripts/PlayerController.cs using Guid(c6ec56e1ab9d77a4585ac554648b04ed) Importer(815301076,1909f56bfc062723c751e8b465ee728b)  -> (artifact id: '00000000000000000000000000000000') in 0.000194 seconds
  ERROR: Build asset version error: assets/scripts/playercontroller.cs in SourceAssetDB has modification time of '2022-01-23T12:06:45.673428Z' while content on disk has modification time of '2022-01-23T12:26:55.7030801Z'
  Import took 0.001586 seconds .

========================================================================
Received Import Request.
  Time since last request: 0.011539 seconds.
  path: Assets/Scripts/PlayerController.cs
  artifactKey: Guid(c6ec56e1ab9d77a4585ac554648b04ed) Importer(815301076,1909f56bfc062723c751e8b465ee728b)
Start importing Assets/Scripts/PlayerController.cs using Guid(c6ec56e1ab9d77a4585ac554648b04ed) Importer(815301076,1909f56bfc062723c751e8b465ee728b)  -> (artifact id: '00000000000000000000000000000000') in 0.000196 seconds
  ERROR: Build asset version error: assets/scripts/playercontroller.cs in SourceAssetDB has modification time of '2022-01-23T12:06:45.673428Z' while content on disk has modification time of '2022-01-23T12:26:55.7030801Z'
  Import took 0.001651 seconds .

========================================================================
Received Import Request.
  Time since last request: 0.012975 seconds.
  path: Assets/Scripts/PlayerController.cs
  artifactKey: Guid(c6ec56e1ab9d77a4585ac554648b04ed) Importer(815301076,1909f56bfc062723c751e8b465ee728b)
Start importing Assets/Scripts/PlayerController.cs using Guid(c6ec56e1ab9d77a4585ac554648b04ed) Importer(815301076,1909f56bfc062723c751e8b465ee728b)  -> (artifact id: '00000000000000000000000000000000') in 0.000193 seconds
  ERROR: Build asset version error: assets/scripts/playercontroller.cs in SourceAssetDB has modification time of '2022-01-23T12:06:45.673428Z' while content on disk has modification time of '2022-01-23T12:26:55.7030801Z'
  Import took 0.001714 seconds .

========================================================================
Received Import Request.
  Time since last request: 0.021971 seconds.
  path: Assets/Scripts/PlayerController.cs
  artifactKey: Guid(c6ec56e1ab9d77a4585ac554648b04ed) Importer(815301076,1909f56bfc062723c751e8b465ee728b)
Start importing Assets/Scripts/PlayerController.cs using Guid(c6ec56e1ab9d77a4585ac554648b04ed) Importer(815301076,1909f56bfc062723c751e8b465ee728b)  -> (artifact id: '00000000000000000000000000000000') in 0.000190 seconds
  ERROR: Build asset version error: assets/scripts/playercontroller.cs in SourceAssetDB has modification time of '2022-01-23T12:06:45.673428Z' while content on disk has modification time of '2022-01-23T12:26:55.7030801Z'
  Import took 0.001645 seconds .

========================================================================
Received Import Request.
  Time since last request: 0.012038 seconds.
  path: Assets/Scripts/PlayerController.cs
  artifactKey: Guid(c6ec56e1ab9d77a4585ac554648b04ed) Importer(815301076,1909f56bfc062723c751e8b465ee728b)
Start importing Assets/Scripts/PlayerController.cs using Guid(c6ec56e1ab9d77a4585ac554648b04ed) Importer(815301076,1909f56bfc062723c751e8b465ee728b)  -> (artifact id: '00000000000000000000000000000000') in 0.000166 seconds
  ERROR: Build asset version error: assets/scripts/playercontroller.cs in SourceAssetDB has modification time of '2022-01-23T12:06:45.673428Z' while content on disk has modification time of '2022-01-23T12:26:55.7030801Z'
  Import took 0.001661 seconds .

========================================================================
Received Import Request.
  Time since last request: 0.013143 seconds.
  path: Assets/Scripts/PlayerController.cs
  artifactKey: Guid(c6ec56e1ab9d77a4585ac554648b04ed) Importer(815301076,1909f56bfc062723c751e8b465ee728b)
Start importing Assets/Scripts/PlayerController.cs using Guid(c6ec56e1ab9d77a4585ac554648b04ed) Importer(815301076,1909f56bfc062723c751e8b465ee728b)  -> (artifact id: '00000000000000000000000000000000') in 0.000285 seconds
  ERROR: Build asset version error: assets/scripts/playercontroller.cs in SourceAssetDB has modification time of '2022-01-23T12:06:45.673428Z' while content on disk has modification time of '2022-01-23T12:26:55.7030801Z'
  Import took 0.001997 seconds .

========================================================================
Received Import Request.
  Time since last request: 0.012164 seconds.
  path: Assets/Scripts/PlayerController.cs
  artifactKey: Guid(c6ec56e1ab9d77a4585ac554648b04ed) Importer(815301076,1909f56bfc062723c751e8b465ee728b)
Start importing Assets/Scripts/PlayerController.cs using Guid(c6ec56e1ab9d77a4585ac554648b04ed) Importer(815301076,1909f56bfc062723c751e8b465ee728b)  -> (artifact id: '00000000000000000000000000000000') in 0.000173 seconds
  ERROR: Build asset version error: assets/scripts/playercontroller.cs in SourceAssetDB has modification time of '2022-01-23T12:06:45.673428Z' while content on disk has modification time of '2022-01-23T12:26:55.7030801Z'
  Import took 0.001764 seconds .

========================================================================
Received Import Request.
  Time since last request: 0.012916 seconds.
  path: Assets/Scripts/PlayerController.cs
  artifactKey: Guid(c6ec56e1ab9d77a4585ac554648b04ed) Importer(815301076,1909f56bfc062723c751e8b465ee728b)
Start importing Assets/Scripts/PlayerController.cs using Guid(c6ec56e1ab9d77a4585ac554648b04ed) Importer(815301076,1909f56bfc062723c751e8b465ee728b)  -> (artifact id: '00000000000000000000000000000000') in 0.000176 seconds
  ERROR: Build asset version error: assets/scripts/playercontroller.cs in SourceAssetDB has modification time of '2022-01-23T12:06:45.673428Z' while content on disk has modification time of '2022-01-23T12:26:55.7030801Z'
  Import took 0.001551 seconds .

========================================================================
Received Import Request.
  Time since last request: 0.015436 seconds.
  path: Assets/Scripts/PlayerController.cs
  artifactKey: Guid(c6ec56e1ab9d77a4585ac554648b04ed) Importer(815301076,1909f56bfc062723c751e8b465ee728b)
Start importing Assets/Scripts/PlayerController.cs using Guid(c6ec56e1ab9d77a4585ac554648b04ed) Importer(815301076,1909f56bfc062723c751e8b465ee728b)  -> (artifact id: '00000000000000000000000000000000') in 0.000240 seconds
  ERROR: Build asset version error: assets/scripts/playercontroller.cs in SourceAssetDB has modification time of '2022-01-23T12:06:45.673428Z' while content on disk has modification time of '2022-01-23T12:26:55.7030801Z'
  Import took 0.001679 seconds .

========================================================================
Received Import Request.
  Time since last request: 0.012585 seconds.
  path: Assets/Scripts/PlayerController.cs
  artifactKey: Guid(c6ec56e1ab9d77a4585ac554648b04ed) Importer(815301076,1909f56bfc062723c751e8b465ee728b)
Start importing Assets/Scripts/PlayerController.cs using Guid(c6ec56e1ab9d77a4585ac554648b04ed) Importer(815301076,1909f56bfc062723c751e8b465ee728b)  -> (artifact id: '00000000000000000000000000000000') in 0.000201 seconds
  ERROR: Build asset version error: assets/scripts/playercontroller.cs in SourceAssetDB has modification time of '2022-01-23T12:06:45.673428Z' while content on disk has modification time of '2022-01-23T12:26:55.7030801Z'
  Import took 0.001848 seconds .

========================================================================
Received Import Request.
  Time since last request: 0.012486 seconds.
  path: Assets/Scripts/PlayerController.cs
  artifactKey: Guid(c6ec56e1ab9d77a4585ac554648b04ed) Importer(815301076,1909f56bfc062723c751e8b465ee728b)
Start importing Assets/Scripts/PlayerController.cs using Guid(c6ec56e1ab9d77a4585ac554648b04ed) Importer(815301076,1909f56bfc062723c751e8b465ee728b)  -> (artifact id: '00000000000000000000000000000000') in 0.000198 seconds
  ERROR: Build asset version error: assets/scripts/playercontroller.cs in SourceAssetDB has modification time of '2022-01-23T12:06:45.673428Z' while content on disk has modification time of '2022-01-23T12:26:55.7030801Z'
  Import took 0.001651 seconds .

========================================================================
Received Import Request.
  Time since last request: 0.012911 seconds.
  path: Assets/Scripts/PlayerController.cs
  artifactKey: Guid(c6ec56e1ab9d77a4585ac554648b04ed) Importer(815301076,1909f56bfc062723c751e8b465ee728b)
Start importing Assets/Scripts/PlayerController.cs using Guid(c6ec56e1ab9d77a4585ac554648b04ed) Importer(815301076,1909f56bfc062723c751e8b465ee728b)  -> (artifact id: '00000000000000000000000000000000') in 0.000180 seconds
  ERROR: Build asset version error: assets/scripts/playercontroller.cs in SourceAssetDB has modification time of '2022-01-23T12:06:45.673428Z' while content on disk has modification time of '2022-01-23T12:26:55.7030801Z'
  Import took 0.001587 seconds .

========================================================================
Received Import Request.
  Time since last request: 0.014308 seconds.
  path: Assets/Scripts/PlayerController.cs
  artifactKey: Guid(c6ec56e1ab9d77a4585ac554648b04ed) Importer(815301076,1909f56bfc062723c751e8b465ee728b)
Start importing Assets/Scripts/PlayerController.cs using Guid(c6ec56e1ab9d77a4585ac554648b04ed) Importer(815301076,1909f56bfc062723c751e8b465ee728b)  -> (artifact id: '00000000000000000000000000000000') in 0.000169 seconds
  ERROR: Build asset version error: assets/scripts/playercontroller.cs in SourceAssetDB has modification time of '2022-01-23T12:06:45.673428Z' while content on disk has modification time of '2022-01-23T12:26:55.7030801Z'
  Import took 0.001705 seconds .

========================================================================
Received Import Request.
  Time since last request: 0.012133 seconds.
  path: Assets/Scripts/PlayerController.cs
  artifactKey: Guid(c6ec56e1ab9d77a4585ac554648b04ed) Importer(815301076,1909f56bfc062723c751e8b465ee728b)
Start importing Assets/Scripts/PlayerController.cs using Guid(c6ec56e1ab9d77a4585ac554648b04ed) Importer(815301076,1909f56bfc062723c751e8b465ee728b)  -> (artifact id: '00000000000000000000000000000000') in 0.000179 seconds
  ERROR: Build asset version error: assets/scripts/playercontroller.cs in SourceAssetDB has modification time of '2022-01-23T12:06:45.673428Z' while content on disk has modification time of '2022-01-23T12:26:55.7030801Z'
  Import took 0.001628 seconds .

========================================================================
Received Import Request.
  Time since last request: 0.011615 seconds.
  path: Assets/Scripts/PlayerController.cs
  artifactKey: Guid(c6ec56e1ab9d77a4585ac554648b04ed) Importer(815301076,1909f56bfc062723c751e8b465ee728b)
Start importing Assets/Scripts/PlayerController.cs using Guid(c6ec56e1ab9d77a4585ac554648b04ed) Importer(815301076,1909f56bfc062723c751e8b465ee728b)  -> (artifact id: '00000000000000000000000000000000') in 0.000182 seconds
  ERROR: Build asset version error: assets/scripts/playercontroller.cs in SourceAssetDB has modification time of '2022-01-23T12:06:45.673428Z' while content on disk has modification time of '2022-01-23T12:26:55.7030801Z'
  Import took 0.001609 seconds .

========================================================================
Received Import Request.
  Time since last request: 0.013935 seconds.
  path: Assets/Scripts/PlayerController.cs
  artifactKey: Guid(c6ec56e1ab9d77a4585ac554648b04ed) Importer(815301076,1909f56bfc062723c751e8b465ee728b)
Start importing Assets/Scripts/PlayerController.cs using Guid(c6ec56e1ab9d77a4585ac554648b04ed) Importer(815301076,1909f56bfc062723c751e8b465ee728b)  -> (artifact id: '00000000000000000000000000000000') in 0.000163 seconds
  ERROR: Build asset version error: assets/scripts/playercontroller.cs in SourceAssetDB has modification time of '2022-01-23T12:06:45.673428Z' while content on disk has modification time of '2022-01-23T12:26:55.7030801Z'
  Import took 0.001500 seconds .

========================================================================
Received Import Request.
  Time since last request: 0.014406 seconds.
  path: Assets/Scripts/PlayerController.cs
  artifactKey: Guid(c6ec56e1ab9d77a4585ac554648b04ed) Importer(815301076,1909f56bfc062723c751e8b465ee728b)
Start importing Assets/Scripts/PlayerController.cs using Guid(c6ec56e1ab9d77a4585ac554648b04ed) Importer(815301076,1909f56bfc062723c751e8b465ee728b)  -> (artifact id: '00000000000000000000000000000000') in 0.000169 seconds
  ERROR: Build asset version error: assets/scripts/playercontroller.cs in SourceAssetDB has modification time of '2022-01-23T12:06:45.673428Z' while content on disk has modification time of '2022-01-23T12:26:55.7030801Z'
  Import took 0.001850 seconds .

========================================================================
Received Import Request.
  Time since last request: 0.011030 seconds.
  path: Assets/Scripts/PlayerController.cs
  artifactKey: Guid(c6ec56e1ab9d77a4585ac554648b04ed) Importer(815301076,1909f56bfc062723c751e8b465ee728b)
Start importing Assets/Scripts/PlayerController.cs using Guid(c6ec56e1ab9d77a4585ac554648b04ed) Importer(815301076,1909f56bfc062723c751e8b465ee728b)  -> (artifact id: '00000000000000000000000000000000') in 0.000167 seconds
  ERROR: Build asset version error: assets/scripts/playercontroller.cs in SourceAssetDB has modification time of '2022-01-23T12:06:45.673428Z' while content on disk has modification time of '2022-01-23T12:26:55.7030801Z'
  Import took 0.001685 seconds .

========================================================================
Received Import Request.
  Time since last request: 0.012112 seconds.
  path: Assets/Scripts/PlayerController.cs
  artifactKey: Guid(c6ec56e1ab9d77a4585ac554648b04ed) Importer(815301076,1909f56bfc062723c751e8b465ee728b)
Start importing Assets/Scripts/PlayerController.cs using Guid(c6ec56e1ab9d77a4585ac554648b04ed) Importer(815301076,1909f56bfc062723c751e8b465ee728b)  -> (artifact id: '00000000000000000000000000000000') in 0.000172 seconds
  ERROR: Build asset version error: assets/scripts/playercontroller.cs in SourceAssetDB has modification time of '2022-01-23T12:06:45.673428Z' while content on disk has modification time of '2022-01-23T12:26:55.7030801Z'
  Import took 0.001565 seconds .

========================================================================
Received Import Request.
  Time since last request: 0.011069 seconds.
  path: Assets/Scripts/PlayerController.cs
  artifactKey: Guid(c6ec56e1ab9d77a4585ac554648b04ed) Importer(815301076,1909f56bfc062723c751e8b465ee728b)
Start importing Assets/Scripts/PlayerController.cs using Guid(c6ec56e1ab9d77a4585ac554648b04ed) Importer(815301076,1909f56bfc062723c751e8b465ee728b)  -> (artifact id: '00000000000000000000000000000000') in 0.000194 seconds
  ERROR: Build asset version error: assets/scripts/playercontroller.cs in SourceAssetDB has modification time of '2022-01-23T12:06:45.673428Z' while content on disk has modification time of '2022-01-23T12:26:55.7030801Z'
  Import took 0.001704 seconds .

========================================================================
Received Import Request.
  Time since last request: 0.014461 seconds.
  path: Assets/Scripts/PlayerController.cs
  artifactKey: Guid(c6ec56e1ab9d77a4585ac554648b04ed) Importer(815301076,1909f56bfc062723c751e8b465ee728b)
Start importing Assets/Scripts/PlayerController.cs using Guid(c6ec56e1ab9d77a4585ac554648b04ed) Importer(815301076,1909f56bfc062723c751e8b465ee728b)  -> (artifact id: '00000000000000000000000000000000') in 0.000185 seconds
  ERROR: Build asset version error: assets/scripts/playercontroller.cs in SourceAssetDB has modification time of '2022-01-23T12:06:45.673428Z' while content on disk has modification time of '2022-01-23T12:26:55.7030801Z'
  Import took 0.001617 seconds .

========================================================================
Received Prepare
Registering precompiled user dll's ...
Registered in 0.000466 seconds.
Begin MonoManager ReloadAssembly
Native extension for WindowsStandalone target not found
Refreshing native plugins compatible for Editor in 0.22 ms, found 0 plugins.
Preloading 0 native plugins for Editor in 0.00 ms.
Invoked RoslynAnalysisRunner static constructor.
RoslynAnalysisRunner will not be running.
RoslynAnalysisRunner has terminated.
Mono: successfully reloaded assembly
- Completed reload, in  0.538 seconds
Platform modules already initialized, skipping
Refreshing native plugins compatible for Editor in 0.20 ms, found 0 plugins.
Preloading 0 native plugins for Editor in 0.00 ms.
Unloading 1113 Unused Serialized files (Serialized files now loaded: 0)
System memory in use before: 61.4 MB.
System memory in use after: 60.9 MB.

Unloading 8 unused Assets to reduce memory usage. Loaded Objects now: 1592.
Total: 1.974800 ms (FindLiveObjects: 0.174900 ms CreateObjectMapping: 0.058400 ms MarkObjects: 1.377100 ms  DeleteObjects: 0.363500 ms)

========================================================================
Received Prepare
Registering precompiled user dll's ...
Registered in 0.000593 seconds.
Begin MonoManager ReloadAssembly
Native extension for WindowsStandalone target not found
Refreshing native plugins compatible for Editor in 0.22 ms, found 0 plugins.
Preloading 0 native plugins for Editor in 0.00 ms.
Invoked RoslynAnalysisRunner static constructor.
RoslynAnalysisRunner will not be running.
RoslynAnalysisRunner has terminated.
Mono: successfully reloaded assembly
- Completed reload, in  0.562 seconds
Platform modules already initialized, skipping
Refreshing native plugins compatible for Editor in 0.22 ms, found 0 plugins.
Preloading 0 native plugins for Editor in 0.00 ms.
Unloading 1113 Unused Serialized files (Serialized files now loaded: 0)
System memory in use before: 61.4 MB.
System memory in use after: 60.9 MB.

Unloading 7 unused Assets to reduce memory usage. Loaded Objects now: 1595.
Total: 2.001700 ms (FindLiveObjects: 0.169200 ms CreateObjectMapping: 0.046700 ms MarkObjects: 1.385600 ms  DeleteObjects: 0.399100 ms)

========================================================================
Received Prepare
Registering precompiled user dll's ...
Registered in 0.000472 seconds.
Begin MonoManager ReloadAssembly
Native extension for WindowsStandalone target not found
Refreshing native plugins compatible for Editor in 0.22 ms, found 0 plugins.
Preloading 0 native plugins for Editor in 0.00 ms.
Invoked RoslynAnalysisRunner static constructor.
RoslynAnalysisRunner will not be running.
RoslynAnalysisRunner has terminated.
Mono: successfully reloaded assembly
- Completed reload, in  0.549 seconds
Platform modules already initialized, skipping
Refreshing native plugins compatible for Editor in 0.21 ms, found 0 plugins.
Preloading 0 native plugins for Editor in 0.00 ms.
Unloading 1113 Unused Serialized files (Serialized files now loaded: 0)
System memory in use before: 61.4 MB.
System memory in use after: 60.9 MB.

Unloading 7 unused Assets to reduce memory usage. Loaded Objects now: 1598.
Total: 2.278300 ms (FindLiveObjects: 0.209100 ms CreateObjectMapping: 0.047400 ms MarkObjects: 1.621900 ms  DeleteObjects: 0.398900 ms)

========================================================================
Received Prepare
Registering precompiled user dll's ...
Registered in 0.000468 seconds.
Begin MonoManager ReloadAssembly
Native extension for WindowsStandalone target not found
Refreshing native plugins compatible for Editor in 0.23 ms, found 0 plugins.
Preloading 0 native plugins for Editor in 0.00 ms.
Invoked RoslynAnalysisRunner static constructor.
RoslynAnalysisRunner will not be running.
RoslynAnalysisRunner has terminated.
Mono: successfully reloaded assembly
- Completed reload, in  0.558 seconds
Platform modules already initialized, skipping
Refreshing native plugins compatible for Editor in 0.22 ms, found 0 plugins.
Preloading 0 native plugins for Editor in 0.00 ms.
Unloading 1113 Unused Serialized files (Serialized files now loaded: 0)
System memory in use before: 61.4 MB.
System memory in use after: 60.9 MB.

Unloading 7 unused Assets to reduce memory usage. Loaded Objects now: 1601.
Total: 1.721100 ms (FindLiveObjects: 0.152900 ms CreateObjectMapping: 0.025000 ms MarkObjects: 1.165900 ms  DeleteObjects: 0.376500 ms)

========================================================================
Received Prepare
Registering precompiled user dll's ...
Registered in 0.000459 seconds.
Begin MonoManager ReloadAssembly
Native extension for WindowsStandalone target not found
Refreshing native plugins compatible for Editor in 0.25 ms, found 0 plugins.
Preloading 0 native plugins for Editor in 0.00 ms.
Invoked RoslynAnalysisRunner static constructor.
RoslynAnalysisRunner will not be running.
RoslynAnalysisRunner has terminated.
Mono: successfully reloaded assembly
- Completed reload, in  0.567 seconds
Platform modules already initialized, skipping
Refreshing native plugins compatible for Editor in 0.21 ms, found 0 plugins.
Preloading 0 native plugins for Editor in 0.00 ms.
Unloading 1113 Unused Serialized files (Serialized files now loaded: 0)
System memory in use before: 61.4 MB.
System memory in use after: 60.9 MB.

Unloading 7 unused Assets to reduce memory usage. Loaded Objects now: 1604.
Total: 1.862000 ms (FindLiveObjects: 0.134000 ms CreateObjectMapping: 0.038400 ms MarkObjects: 1.334400 ms  DeleteObjects: 0.354400 ms)

========================================================================
Received Prepare
Registering precompiled user dll's ...
Registered in 0.000463 seconds.
Begin MonoManager ReloadAssembly
Native extension for WindowsStandalone target not found
Refreshing native plugins compatible for Editor in 0.22 ms, found 0 plugins.
Preloading 0 native plugins for Editor in 0.00 ms.
Invoked RoslynAnalysisRunner static constructor.
RoslynAnalysisRunner will not be running.
RoslynAnalysisRunner has terminated.
Mono: successfully reloaded assembly
- Completed reload, in  0.548 seconds
Platform modules already initialized, skipping
Refreshing native plugins compatible for Editor in 0.23 ms, found 0 plugins.
Preloading 0 native plugins for Editor in 0.00 ms.
Unloading 1113 Unused Serialized files (Serialized files now loaded: 0)
System memory in use before: 61.4 MB.
System memory in use after: 60.9 MB.

Unloading 7 unused Assets to reduce memory usage. Loaded Objects now: 1607.
Total: 2.155400 ms (FindLiveObjects: 0.180400 ms CreateObjectMapping: 0.038000 ms MarkObjects: 1.564900 ms  DeleteObjects: 0.370700 ms)

========================================================================
Received Import Request.
  Time since last request: 1848.260154 seconds.
  path: Assets/Sprites
  artifactKey: Guid(92cb316a5e3f35c45b60b98993ad3283) Importer(815301076,1909f56bfc062723c751e8b465ee728b)
Start importing Assets/Sprites using Guid(92cb316a5e3f35c45b60b98993ad3283) Importer(815301076,1909f56bfc062723c751e8b465ee728b)  -> (artifact id: 'f43a35b1308eadfc16430cc8e163be5a') in 0.007772 seconds
  Import took 0.009750 seconds .

========================================================================
Received Import Request.
  Time since last request: 6.244312 seconds.
  path: Assets/Sprites/Star_White.png
  artifactKey: Guid(530edcf0fc0e0a34a84760cda7b851cc) Importer(815301076,1909f56bfc062723c751e8b465ee728b)
Start importing Assets/Sprites/Star_White.png using Guid(530edcf0fc0e0a34a84760cda7b851cc) Importer(815301076,1909f56bfc062723c751e8b465ee728b)  -> (artifact id: '0a45dd0d35145468840a79ad3f861c7b') in 0.035683 seconds
  Import took 0.037576 seconds .

========================================================================
Received Import Request.
  Time since last request: 5.240125 seconds.
  path: Assets/Sprites/part_star_dff.tif
  artifactKey: Guid(0edcbbb396184fa4b96ee1db8b190054) Importer(815301076,1909f56bfc062723c751e8b465ee728b)
Start importing Assets/Sprites/part_star_dff.tif using Guid(0edcbbb396184fa4b96ee1db8b190054) Importer(815301076,1909f56bfc062723c751e8b465ee728b)  -> (artifact id: 'ac5307d28c24cdd958f459535e9c5207') in 0.013447 seconds
  Import took 0.015338 seconds .

========================================================================
Received Import Request.
  Time since last request: 0.575435 seconds.
  path: Assets/Sprites/FogParticle.png
  artifactKey: Guid(0c3e5df1403b1bf44aed1094a8b17a2e) Importer(815301076,1909f56bfc062723c751e8b465ee728b)
Start importing Assets/Sprites/FogParticle.png using Guid(0c3e5df1403b1bf44aed1094a8b17a2e) Importer(815301076,1909f56bfc062723c751e8b465ee728b)  -> (artifact id: 'ba5f97a3e6555ddc55526a52f906558c') in 0.009874 seconds
  Import took 0.011827 seconds .

========================================================================
Received Import Request.
  Time since last request: 4.595844 seconds.
  path: Assets/Sprites/part_flash_dff.tif
  artifactKey: Guid(0c17199705006b640a2fbe4c462c4d13) Importer(815301076,1909f56bfc062723c751e8b465ee728b)
Start importing Assets/Sprites/part_flash_dff.tif using Guid(0c17199705006b640a2fbe4c462c4d13) Importer(815301076,1909f56bfc062723c751e8b465ee728b)  -> (artifact id: '09d0823e50f58b66359bf3865227e106') in 0.011117 seconds
  Import took 0.013102 seconds .

========================================================================
Received Prepare
Registering precompiled user dll's ...
Registered in 0.000447 seconds.
Begin MonoManager ReloadAssembly
Native extension for WindowsStandalone target not found
Refreshing native plugins compatible for Editor in 0.22 ms, found 0 plugins.
Preloading 0 native plugins for Editor in 0.00 ms.
Invoked RoslynAnalysisRunner static constructor.
RoslynAnalysisRunner will not be running.
RoslynAnalysisRunner has terminated.
Mono: successfully reloaded assembly
- Completed reload, in  0.551 seconds
Platform modules already initialized, skipping
Refreshing native plugins compatible for Editor in 0.22 ms, found 0 plugins.
Preloading 0 native plugins for Editor in 0.00 ms.
Unloading 1113 Unused Serialized files (Serialized files now loaded: 0)
System memory in use before: 61.4 MB.
System memory in use after: 61.0 MB.

Unloading 7 unused Assets to reduce memory usage. Loaded Objects now: 1611.
Total: 2.502700 ms (FindLiveObjects: 0.221000 ms CreateObjectMapping: 0.045600 ms MarkObjects: 1.835600 ms  DeleteObjects: 0.399700 ms)

========================================================================
Received Prepare
Registering precompiled user dll's ...
Registered in 0.000472 seconds.
Begin MonoManager ReloadAssembly
Native extension for WindowsStandalone target not found
Refreshing native plugins compatible for Editor in 0.22 ms, found 0 plugins.
Preloading 0 native plugins for Editor in 0.00 ms.
Invoked RoslynAnalysisRunner static constructor.
RoslynAnalysisRunner will not be running.
RoslynAnalysisRunner has terminated.
Mono: successfully reloaded assembly
- Completed reload, in  0.540 seconds
Platform modules already initialized, skipping
Refreshing native plugins compatible for Editor in 0.22 ms, found 0 plugins.
Preloading 0 native plugins for Editor in 0.00 ms.
Unloading 1113 Unused Serialized files (Serialized files now loaded: 0)
System memory in use before: 61.4 MB.
System memory in use after: 61.0 MB.

Unloading 7 unused Assets to reduce memory usage. Loaded Objects now: 1614.
Total: 2.294000 ms (FindLiveObjects: 0.135700 ms CreateObjectMapping: 0.032400 ms MarkObjects: 1.716000 ms  DeleteObjects: 0.409200 ms)

========================================================================
Received Prepare
Registering precompiled user dll's ...
Registered in 0.000532 seconds.
Begin MonoManager ReloadAssembly
Native extension for WindowsStandalone target not found
Refreshing native plugins compatible for Editor in 0.22 ms, found 0 plugins.
Preloading 0 native plugins for Editor in 0.00 ms.
Invoked RoslynAnalysisRunner static constructor.
RoslynAnalysisRunner will not be running.
RoslynAnalysisRunner has terminated.
Mono: successfully reloaded assembly
- Completed reload, in  0.536 seconds
Platform modules already initialized, skipping
Refreshing native plugins compatible for Editor in 0.21 ms, found 0 plugins.
Preloading 0 native plugins for Editor in 0.00 ms.
Unloading 1113 Unused Serialized files (Serialized files now loaded: 0)
System memory in use before: 61.4 MB.
System memory in use after: 61.0 MB.

Unloading 7 unused Assets to reduce memory usage. Loaded Objects now: 1617.
Total: 1.785300 ms (FindLiveObjects: 0.123600 ms CreateObjectMapping: 0.029300 ms MarkObjects: 1.271900 ms  DeleteObjects: 0.359800 ms)

========================================================================
Received Import Request.
  Time since last request: 321.101883 seconds.
  path: Assets/Resources/Materials/GlowYellow.mat
  artifactKey: Guid(ceb4ab464066f9649aa5c96172912ac0) Importer(815301076,1909f56bfc062723c751e8b465ee728b)
Start importing Assets/Resources/Materials/GlowYellow.mat using Guid(ceb4ab464066f9649aa5c96172912ac0) Importer(815301076,1909f56bfc062723c751e8b465ee728b)  -> (artifact id: '540fd2b281f07fe4f8f6bca2e9eaae9d') in 0.069380 seconds
  Import took 0.071441 seconds .

